<?xml version="1.0" encoding="UTF-8"?>
<testng-results ignored="0" total="1" passed="1" failed="0" skipped="0">
  <reporter-output>
  </reporter-output>
  <suite started-at="2022-08-28T06:30:52Z" name="Surefire suite" finished-at="2022-08-28T06:30:52Z" duration-ms="151">
    <groups>
    </groups>
    <test started-at="2022-08-28T06:30:52Z" name="Surefire test" finished-at="2022-08-28T06:30:52Z" duration-ms="151">
      <class name="Program.MavenDemo.AppTest">
        <test-method signature="shouldAnswerWithTrue()" started-at="2022-08-28T12:00:52Z" name="shouldAnswerWithTrue" finished-at="2022-08-28T12:00:52Z" duration-ms="12" status="PASS">
          <reporter-output>
          </reporter-output>
        </test-method> <!-- shouldAnswerWithTrue -->
      </class> <!-- Program.MavenDemo.AppTest -->
    </test> <!-- Surefire test -->
  </suite> <!-- Surefire suite -->
</testng-results>
