<?xml version="1.0" encoding="UTF-8"?>
<!-- Generated by org.testng.reporters.JUnitXMLReporter -->
<testsuite ignored="0" hostname="DESKTOP-M8CP97L" failures="0" tests="3" name="Default test" time="20.179" errors="0" timestamp="2022-09-16T13:37:24 IST">
  <testcase classname="Program.MavenDemo.SaucedemoTestNG" name="Saucedemologin" time="3.098"/>
  <testcase classname="Program.MavenDemo.SaucedemoTestNG" name="SaucedemoHome" time="2.93"/>
  <testcase classname="Program.MavenDemo.SaucedemoTestNG" name="SaucedemoCheckout" time="3.359"/>
</testsuite> <!-- Default test -->
