<?xml version="1.0" encoding="UTF-8"?>
<testng-results ignored="0" total="2" passed="2" failed="0" skipped="0">
  <reporter-output>
  </reporter-output>
  <suite started-at="2022-08-28T06:30:38Z" name="Surefire suite" finished-at="2022-08-28T06:30:52Z" duration-ms="14062">
    <groups>
    </groups>
    <test started-at="2022-08-28T06:30:38Z" name="Surefire test" finished-at="2022-08-28T06:30:52Z" duration-ms="14062">
      <class name="Program.MavenDemo.TestNG">
        <test-method is-config="true" signature="launchBrowser()[pri:0, instance:Program.MavenDemo.TestNG@71623278]" started-at="2022-08-28T12:00:11Z" name="launchBrowser" finished-at="2022-08-28T12:00:38Z" duration-ms="26645" status="PASS">
          <reporter-output>
          </reporter-output>
        </test-method> <!-- launchBrowser -->
        <test-method is-config="true" signature="basicsetUp()[pri:0, instance:Program.MavenDemo.TestNG@71623278]" started-at="2022-08-28T12:00:38Z" name="basicsetUp" finished-at="2022-08-28T12:00:38Z" duration-ms="318" status="PASS">
          <reporter-output>
          </reporter-output>
        </test-method> <!-- basicsetUp -->
        <test-method is-config="true" signature="launchApp()[pri:0, instance:Program.MavenDemo.TestNG@71623278]" started-at="2022-08-28T12:00:38Z" name="launchApp" finished-at="2022-08-28T12:00:48Z" duration-ms="9678" status="PASS">
          <reporter-output>
          </reporter-output>
        </test-method> <!-- launchApp -->
        <test-method is-config="true" signature="login()[pri:0, instance:Program.MavenDemo.TestNG@71623278]" started-at="2022-08-28T12:00:48Z" name="login" finished-at="2022-08-28T12:00:50Z" duration-ms="2112" status="PASS">
          <reporter-output>
          </reporter-output>
        </test-method> <!-- login -->
        <test-method signature="login()[pri:0, instance:Program.MavenDemo.TestNG@71623278]" started-at="2022-08-28T12:00:50Z" name="login" finished-at="2022-08-28T12:00:50Z" duration-ms="181" status="PASS">
          <reporter-output>
          </reporter-output>
        </test-method> <!-- login -->
        <test-method is-config="true" signature="logout()[pri:0, instance:Program.MavenDemo.TestNG@71623278]" started-at="2022-08-28T12:00:50Z" name="logout" finished-at="2022-08-28T12:00:50Z" duration-ms="1" status="PASS">
          <reporter-output>
          </reporter-output>
        </test-method> <!-- logout -->
        <test-method is-config="true" signature="login()[pri:0, instance:Program.MavenDemo.TestNG@71623278]" started-at="2022-08-28T12:00:50Z" name="login" finished-at="2022-08-28T12:00:50Z" duration-ms="64" status="PASS">
          <reporter-output>
          </reporter-output>
        </test-method> <!-- login -->
        <test-method signature="verifyUserProfile()[pri:0, instance:Program.MavenDemo.TestNG@71623278]" started-at="2022-08-28T12:00:50Z" name="verifyUserProfile" finished-at="2022-08-28T12:00:50Z" duration-ms="0" status="PASS">
          <reporter-output>
          </reporter-output>
        </test-method> <!-- verifyUserProfile -->
        <test-method is-config="true" signature="logout()[pri:0, instance:Program.MavenDemo.TestNG@71623278]" started-at="2022-08-28T12:00:50Z" name="logout" finished-at="2022-08-28T12:00:50Z" duration-ms="0" status="PASS">
          <reporter-output>
          </reporter-output>
        </test-method> <!-- logout -->
        <test-method is-config="true" signature="closeDriverInstance()[pri:0, instance:Program.MavenDemo.TestNG@71623278]" started-at="2022-08-28T12:00:50Z" name="closeDriverInstance" finished-at="2022-08-28T12:00:52Z" duration-ms="1514" status="PASS">
          <reporter-output>
          </reporter-output>
        </test-method> <!-- closeDriverInstance -->
        <test-method is-config="true" signature="cleanUp()[pri:0, instance:Program.MavenDemo.TestNG@71623278]" started-at="2022-08-28T12:00:52Z" name="cleanUp" finished-at="2022-08-28T12:00:52Z" duration-ms="1" status="PASS">
          <reporter-output>
          </reporter-output>
        </test-method> <!-- cleanUp -->
      </class> <!-- Program.MavenDemo.TestNG -->
    </test> <!-- Surefire test -->
  </suite> <!-- Surefire suite -->
</testng-results>
